2019-10-24T02:10:16.067751+09:00 0 [Warning] [MY-011070] [Server] 'Disabling symbolic links using --skip-symbolic-links (or equivalent) is the default. Consider not using this option as it' is deprecated and will be removed in a future release.
2019-10-24T02:10:16.067910+09:00 0 [System] [MY-013169] [Server] /usr/sbin/mysqld (mysqld 8.0.18) initializing of server in progress as process 44
2019-10-24T02:10:52.471519+09:00 5 [Warning] [MY-010453] [Server] root@localhost is created with an empty password ! Please consider switching off the --initialize-insecure option.
2019-10-24T02:11:31.716513+09:00 0 [Warning] [MY-011070] [Server] 'Disabling symbolic links using --skip-symbolic-links (or equivalent) is the default. Consider not using this option as it' is deprecated and will be removed in a future release.
2019-10-24T02:11:31.716633+09:00 0 [System] [MY-010116] [Server] /usr/sbin/mysqld (mysqld 8.0.18) starting as process 93
2019-10-24T02:11:35.559239+09:00 0 [Warning] [MY-010068] [Server] CA certificate ca.pem is self signed.
2019-10-24T02:11:35.673280+09:00 0 [Warning] [MY-011810] [Server] Insecure configuration for --pid-file: Location '/var/run/mysqld' in the path is accessible to all OS users. Consider choosing a different directory.
2019-10-24T02:11:35.724544+09:00 0 [System] [MY-010931] [Server] /usr/sbin/mysqld: ready for connections. Version: '8.0.18'  socket: '/var/run/mysqld/mysqld.sock'  port: 0  MySQL Community Server - GPL.
2019-10-24T02:11:35.939636+09:00 0 [System] [MY-011323] [Server] X Plugin ready for connections. Socket: '/var/run/mysqld/mysqlx.sock'
2019-10-24T02:11:45.268683+09:00 14 [System] [MY-013172] [Server] Received SHUTDOWN from user root. Shutting down mysqld (Version: 8.0.18).
2019-10-24T02:11:48.175689+09:00 0 [System] [MY-010910] [Server] /usr/sbin/mysqld: Shutdown complete (mysqld 8.0.18)  MySQL Community Server - GPL.
2019-10-24T02:11:48.565681+09:00 0 [Warning] [MY-011070] [Server] 'Disabling symbolic links using --skip-symbolic-links (or equivalent) is the default. Consider not using this option as it' is deprecated and will be removed in a future release.
2019-10-24T02:11:48.565804+09:00 0 [System] [MY-010116] [Server] /usr/sbin/mysqld (mysqld 8.0.18) starting as process 1
2019-10-24T02:11:51.191730+09:00 0 [Warning] [MY-010068] [Server] CA certificate ca.pem is self signed.
2019-10-24T02:11:51.282713+09:00 0 [Warning] [MY-011810] [Server] Insecure configuration for --pid-file: Location '/var/run/mysqld' in the path is accessible to all OS users. Consider choosing a different directory.
2019-10-24T02:11:51.350916+09:00 0 [System] [MY-010931] [Server] /usr/sbin/mysqld: ready for connections. Version: '8.0.18'  socket: '/var/run/mysqld/mysqld.sock'  port: 3306  MySQL Community Server - GPL.
2019-10-24T02:11:51.636596+09:00 0 [System] [MY-011323] [Server] X Plugin ready for connections. Socket: '/var/run/mysqld/mysqlx.sock' bind-address: '::' port: 33060
2019-12-07T11:30:41.655593+09:00 0 [Warning] [MY-011070] [Server] 'Disabling symbolic links using --skip-symbolic-links (or equivalent) is the default. Consider not using this option as it' is deprecated and will be removed in a future release.
2019-12-07T11:30:41.655709+09:00 0 [System] [MY-013169] [Server] /usr/sbin/mysqld (mysqld 8.0.18) initializing of server in progress as process 44
2019-12-07T11:31:11.443484+09:00 5 [Warning] [MY-010453] [Server] root@localhost is created with an empty password ! Please consider switching off the --initialize-insecure option.
2019-12-07T11:31:45.223999+09:00 0 [Warning] [MY-011070] [Server] 'Disabling symbolic links using --skip-symbolic-links (or equivalent) is the default. Consider not using this option as it' is deprecated and will be removed in a future release.
2019-12-07T11:31:45.224120+09:00 0 [System] [MY-010116] [Server] /usr/sbin/mysqld (mysqld 8.0.18) starting as process 93
2019-12-07T11:31:48.319597+09:00 0 [Warning] [MY-010068] [Server] CA certificate ca.pem is self signed.
2019-12-07T11:31:48.429619+09:00 0 [Warning] [MY-011810] [Server] Insecure configuration for --pid-file: Location '/var/run/mysqld' in the path is accessible to all OS users. Consider choosing a different directory.
2019-12-07T11:31:48.481266+09:00 0 [System] [MY-010931] [Server] /usr/sbin/mysqld: ready for connections. Version: '8.0.18'  socket: '/var/run/mysqld/mysqld.sock'  port: 0  MySQL Community Server - GPL.
2019-12-07T11:31:48.843318+09:00 0 [System] [MY-011323] [Server] X Plugin ready for connections. Socket: '/var/run/mysqld/mysqlx.sock'
2019-12-07T11:31:58.966155+09:00 14 [System] [MY-013172] [Server] Received SHUTDOWN from user root. Shutting down mysqld (Version: 8.0.18).
2019-12-07T11:32:01.955025+09:00 0 [System] [MY-010910] [Server] /usr/sbin/mysqld: Shutdown complete (mysqld 8.0.18)  MySQL Community Server - GPL.
2019-12-07T11:32:02.339465+09:00 0 [Warning] [MY-011070] [Server] 'Disabling symbolic links using --skip-symbolic-links (or equivalent) is the default. Consider not using this option as it' is deprecated and will be removed in a future release.
2019-12-07T11:32:02.339601+09:00 0 [System] [MY-010116] [Server] /usr/sbin/mysqld (mysqld 8.0.18) starting as process 1
2019-12-07T11:32:04.795156+09:00 0 [Warning] [MY-010068] [Server] CA certificate ca.pem is self signed.
2019-12-07T11:32:04.868149+09:00 0 [Warning] [MY-011810] [Server] Insecure configuration for --pid-file: Location '/var/run/mysqld' in the path is accessible to all OS users. Consider choosing a different directory.
2019-12-07T11:32:04.903511+09:00 0 [System] [MY-010931] [Server] /usr/sbin/mysqld: ready for connections. Version: '8.0.18'  socket: '/var/run/mysqld/mysqld.sock'  port: 3306  MySQL Community Server - GPL.
2019-12-07T11:32:05.240708+09:00 0 [System] [MY-011323] [Server] X Plugin ready for connections. Socket: '/var/run/mysqld/mysqlx.sock' bind-address: '::' port: 33060
2019-12-07T21:19:11.254472+09:00 0 [System] [MY-010910] [Server] /usr/sbin/mysqld: Shutdown complete (mysqld 8.0.18)  MySQL Community Server - GPL.
2019-12-07T21:19:20.810942+09:00 0 [Warning] [MY-011070] [Server] 'Disabling symbolic links using --skip-symbolic-links (or equivalent) is the default. Consider not using this option as it' is deprecated and will be removed in a future release.
2019-12-07T21:19:20.811234+09:00 0 [System] [MY-010116] [Server] /usr/sbin/mysqld (mysqld 8.0.18) starting as process 1
2019-12-07T21:19:23.966638+09:00 0 [Warning] [MY-010068] [Server] CA certificate ca.pem is self signed.
2019-12-07T21:19:24.028007+09:00 0 [Warning] [MY-011810] [Server] Insecure configuration for --pid-file: Location '/var/run/mysqld' in the path is accessible to all OS users. Consider choosing a different directory.
2019-12-07T21:19:24.076453+09:00 0 [System] [MY-010931] [Server] /usr/sbin/mysqld: ready for connections. Version: '8.0.18'  socket: '/var/run/mysqld/mysqld.sock'  port: 3306  MySQL Community Server - GPL.
2019-12-07T21:19:24.261086+09:00 0 [System] [MY-011323] [Server] X Plugin ready for connections. Socket: '/var/run/mysqld/mysqlx.sock' bind-address: '::' port: 33060
mbind: Operation not permitted
mbind: Operation not permitted
2019-12-07T22:51:59.154082+09:00 19 [Warning] [MY-013360] [Server] Plugin sha256_password reported: ''sha256_password' is deprecated and will be removed in a future release. Please use caching_sha2_password instead'
2019-12-07T22:52:11.341704+09:00 20 [Warning] [MY-013360] [Server] Plugin sha256_password reported: ''sha256_password' is deprecated and will be removed in a future release. Please use caching_sha2_password instead'
2019-12-07T22:52:46.013054+09:00 21 [Warning] [MY-013360] [Server] Plugin sha256_password reported: ''sha256_password' is deprecated and will be removed in a future release. Please use caching_sha2_password instead'
2019-12-07T22:52:55.726971+09:00 22 [Warning] [MY-013360] [Server] Plugin sha256_password reported: ''sha256_password' is deprecated and will be removed in a future release. Please use caching_sha2_password instead'
mbind: Operation not permitted
mbind: Operation not permitted
mbind: Operation not permitted
mbind: Operation not permitted
2019-12-12T01:30:15.854831+09:00 0 [ERROR] [MY-013129] [Server] A message intended for a client cannot be sent there as no client-session is attached. Therefore, we're sending the information to the error-log instead: MY-000027 - Can't sync file '/var/log/mysql/mysql-slow.log' to disk (OS errno 9 - Bad file descriptor)
2019-12-12T01:30:15.869532+09:00 0 [ERROR] [MY-010907] [Server] Error writing file '/var/log/mysql/mysql-slow.log' (errno: 9 - Bad file descriptor)
2019-12-12T01:30:17.079072+09:00 0 [System] [MY-010910] [Server] /usr/sbin/mysqld: Shutdown complete (mysqld 8.0.18)  MySQL Community Server - GPL.
